<?xml version="1.0" encoding="UTF-8"?>
<testng-results skipped="0" failed="0" ignored="0" total="4" passed="4">
  <reporter-output>
  </reporter-output>
  <suite name="Default suite" duration-ms="84" started-at="2018-09-14T19:18:24Z" finished-at="2018-09-14T19:18:24Z">
    <groups>
    </groups>
    <test name="Default test" duration-ms="84" started-at="2018-09-14T19:18:24Z" finished-at="2018-09-14T19:18:24Z">
      <class name="Countwords_Package.Testclass_Countwords">
        <test-method status="PASS" signature="Test1_Casesensitive_with_validwords()[pri:1, instance:Countwords_Package.Testclass_Countwords@215be6bb]" name="Test1_Casesensitive_with_validwords" duration-ms="17" started-at="2018-09-14T19:18:24Z" finished-at="2018-09-14T19:18:24Z">
          <reporter-output>
          </reporter-output>
        </test-method> <!-- Test1_Casesensitive_with_validwords -->
        <test-method status="PASS" signature="Test2_Casesensitive_with_Invalidwords()[pri:2, instance:Countwords_Package.Testclass_Countwords@215be6bb]" name="Test2_Casesensitive_with_Invalidwords" duration-ms="0" started-at="2018-09-14T19:18:24Z" finished-at="2018-09-14T19:18:24Z">
          <reporter-output>
          </reporter-output>
        </test-method> <!-- Test2_Casesensitive_with_Invalidwords -->
        <test-method status="PASS" signature="Test3_CaseInsensitive_with_validwords()[pri:3, instance:Countwords_Package.Testclass_Countwords@215be6bb]" name="Test3_CaseInsensitive_with_validwords" duration-ms="16" started-at="2018-09-14T19:18:24Z" finished-at="2018-09-14T19:18:24Z">
          <reporter-output>
          </reporter-output>
        </test-method> <!-- Test3_CaseInsensitive_with_validwords -->
        <test-method status="PASS" signature="Test4_CaseInsensitive_with_Invalidwords()[pri:4, instance:Countwords_Package.Testclass_Countwords@215be6bb]" name="Test4_CaseInsensitive_with_Invalidwords" duration-ms="5" started-at="2018-09-14T19:18:24Z" finished-at="2018-09-14T19:18:24Z">
          <reporter-output>
          </reporter-output>
        </test-method> <!-- Test4_CaseInsensitive_with_Invalidwords -->
      </class> <!-- Countwords_Package.Testclass_Countwords -->
    </test> <!-- Default test -->
  </suite> <!-- Default suite -->
</testng-results>
