<?xml version="1.0" encoding="UTF-8"?>
<!-- Generated by org.testng.reporters.JUnitXMLReporter -->
<testsuite hostname="ANDY" ignored="0" name="Luxoft_Countwords_Tests" tests="4" failures="0" timestamp="14 Sep 2018 19:17:15 GMT" time="0.106" errors="0">
  <testcase name="Test1_Casesensitive_with_validwords" time="0.027" classname="Countwords_Package.Testclass_Countwords"/>
  <testcase name="Test2_Casesensitive_with_Invalidwords" time="0.032" classname="Countwords_Package.Testclass_Countwords"/>
  <testcase name="Test3_CaseInsensitive_with_validwords" time="0.015" classname="Countwords_Package.Testclass_Countwords"/>
  <testcase name="Test4_CaseInsensitive_with_Invalidwords" time="0.0" classname="Countwords_Package.Testclass_Countwords"/>
</testsuite> <!-- Luxoft_Countwords_Tests -->
